warning: null character ignored [-Wnull-character]
warning: null character ignored [-Wnull-character]
warning: null character ignored [-Wnull-character]
warning: null character ignored [-Wnull-character]
warning: null character ignored [-Wnull-character]
warning: null character ignored [-Wnull-character]
warning: null character ignored [-Wnull-character]
warning: null character ignored [-Wnull-character]
warning: null character ignored [-Wnull-character]
warning: null character ignored [-Wnull-character]
warning: null character ignored [-Wnull-character]
warning: null character ignored [-Wnull-character]
warning: null character ignored [-Wnull-character]
warning: null character ignored [-Wnull-character]
warning: null character ignored [-Wnull-character]
warning: null character ignored [-Wnull-character]
warning: null character ignored [-Wnull-character]
warning: null character ignored [-Wnull-character]
warning: null character ignored [-Wnull-character]
warning: null character ignored [-Wnull-character]
warning: null character ignored [-Wnull-character]
warning: null character ignored [-Wnull-character]
warning: null character ignored [-Wnull-character]
warning: null character ignored [-Wnull-character]
warning: null character ignored [-Wnull-character]
warning: null character ignored [-Wnull-character]
warning: null character ignored [-Wnull-character]
warning: null character ignored [-Wnull-character]
warning: null character ignored [-Wnull-character]
warning: null character ignored [-Wnull-character]
warning: null character ignored [-Wnull-character]
warning: null character ignored [-Wnull-character]
warning: null character ignored [-Wnull-character]
warning: null character ignored [-Wnull-character]
warning: null character ignored [-Wnull-character]
warning: null character ignored [-Wnull-character]
warning: null character ignored [-Wnull-character]
warning: null character ignored [-Wnull-character]
warning: null character ignored [-Wnull-character]
warning: null character ignored [-Wnull-character]
warning: null character ignored [-Wnull-character]
warning: null character ignored [-Wnull-character]
warning: null character ignored [-Wnull-character]
warning: null character ignored [-Wnull-character]
warning: null character ignored [-Wnull-character]
warning: null character ignored [-Wnull-character]
warning: null character ignored [-Wnull-character]
warning: null character ignored [-Wnull-character]
warning: null character ignored [-Wnull-character]
warning: null character ignored [-Wnull-character]
warning: null character ignored [-Wnull-character]
warning: null character ignored [-Wnull-character]
warning: null character ignored [-Wnull-character]
warning: null character ignored [-Wnull-character]
warning: null character ignored [-Wnull-character]
warning: null character ignored [-Wnull-character]
warning: null character ignored [-Wnull-character]
warning: null character ignored [-Wnull-character]
warning: null character ignored [-Wnull-character]
warning: null character ignored [-Wnull-character]
warning: null character ignored [-Wnull-character]
warning: null character ignored [-Wnull-character]
warning: null character ignored [-Wnull-character]
warning: null character ignored [-Wnull-character]
warning: null character ignored [-Wnull-character]
warning: null character ignored [-Wnull-character]
warning: null character ignored [-Wnull-character]
warning: null character ignored [-Wnull-character]
warning: null character ignored [-Wnull-character]
warning: null character ignored [-Wnull-character]
warning: null character ignored [-Wnull-character]
warning: null character ignored [-Wnull-character]
warning: null character ignored [-Wnull-character]
warning: null character ignored [-Wnull-character]
warning: null character ignored [-Wnull-character]
warning: null character ignored [-Wnull-character]
warning: null character ignored [-Wnull-character]
warning: null character ignored [-Wnull-character]
warning: null character ignored [-Wnull-character]
warning: null character ignored [-Wnull-character]
warning: null character ignored [-Wnull-character]
warning: null character ignored [-Wnull-character]
warning: null character ignored [-Wnull-character]
warning: null character ignored [-Wnull-character]
warning: null character ignored [-Wnull-character]
warning: null character ignored [-Wnull-character]
warning: null character ignored [-Wnull-character]
warning: null character ignored [-Wnull-character]
warning: null character ignored [-Wnull-character]
warning: null character ignored [-Wnull-character]
warning: null character ignored [-Wnull-character]
warning: null character ignored [-Wnull-character]
warning: null character ignored [-Wnull-character]
warning: null character ignored [-Wnull-character]
warning: null character ignored [-Wnull-character]
warning: null character ignored [-Wnull-character]
warning: null character ignored [-Wnull-character]
warning: null character ignored [-Wnull-character]
warning: null character ignored [-Wnull-character]
warning: null character ignored [-Wnull-character]
warning: null character ignored [-Wnull-character]
warning: null character ignored [-Wnull-character]
warning: null character ignored [-Wnull-character]
warning: null character ignored [-Wnull-character]
warning: null character ignored [-Wnull-character]
warning: null character ignored [-Wnull-character]
warning: null character ignored [-Wnull-character]
warning: null character ignored [-Wnull-character]
warning: null character ignored [-Wnull-character]
warning: null character ignored [-Wnull-character]
warning: null character ignored [-Wnull-character]
warning: null character ignored [-Wnull-character]
warning: null character ignored [-Wnull-character]
warning: null character ignored [-Wnull-character]
warning: null character ignored [-Wnull-character]
warning: null character ignored [-Wnull-character]
warning: null character ignored [-Wnull-character]
warning: null character ignored [-Wnull-character]
warning: null character ignored [-Wnull-character]
warning: null character ignored [-Wnull-character]
warning: null character ignored [-Wnull-character]
warning: null character ignored [-Wnull-character]
warning: null character ignored [-Wnull-character]
warning: null character ignored [-Wnull-character]
warning: null character ignored [-Wnull-character]
warning: null character ignored [-Wnull-character]
warning: null character ignored [-Wnull-character]
warning: null character ignored [-Wnull-character]
warning: null character ignored [-Wnull-character]
warning: null character ignored [-Wnull-character]
warning: null character ignored [-Wnull-character]
warning: null character ignored [-Wnull-character]
warning: null character ignored [-Wnull-character]
warning: null character ignored [-Wnull-character]
warning: null character ignored [-Wnull-character]
warning: null character ignored [-Wnull-character]
warning: null character ignored [-Wnull-character]
warning: null character ignored [-Wnull-character]
warning: null character ignored [-Wnull-character]
warning: null character ignored [-Wnull-character]
warning: null character ignored [-Wnull-character]
warning: null character ignored [-Wnull-character]
warning: null character ignored [-Wnull-character]
warning: null character ignored [-Wnull-character]
warning: null character ignored [-Wnull-character]
warning: null character ignored [-Wnull-character]
warning: null character ignored [-Wnull-character]
warning: null character ignored [-Wnull-character]
warning: null character ignored [-Wnull-character]
warning: null character ignored [-Wnull-character]
warning: null character ignored [-Wnull-character]
warning: null character ignored [-Wnull-character]
warning: null character ignored [-Wnull-character]
warning: null character ignored [-Wnull-character]
warning: null character ignored [-Wnull-character]
warning: null character ignored [-Wnull-character]
warning: null character ignored [-Wnull-character]
warning: null character ignored [-Wnull-character]
warning: null character ignored [-Wnull-character]
warning: null character ignored [-Wnull-character]
warning: null character ignored [-Wnull-character]
warning: null character ignored [-Wnull-character]
warning: null character ignored [-Wnull-character]
warning: null character ignored [-Wnull-character]
warning: null character ignored [-Wnull-character]
warning: null character ignored [-Wnull-character]
warning: null character ignored [-Wnull-character]
warning: null character ignored [-Wnull-character]
warning: null character ignored [-Wnull-character]
warning: null character ignored [-Wnull-character]
warning: null character ignored [-Wnull-character]
warning: null character ignored [-Wnull-character]
warning: null character ignored [-Wnull-character]
warning: null character ignored [-Wnull-character]
warning: null character ignored [-Wnull-character]
warning: null character ignored [-Wnull-character]
warning: null character ignored [-Wnull-character]
warning: null character ignored [-Wnull-character]
warning: null character ignored [-Wnull-character]
warning: null character ignored [-Wnull-character]
warning: null character ignored [-Wnull-character]
warning: null character ignored [-Wnull-character]
warning: null character ignored [-Wnull-character]
warning: null character ignored [-Wnull-character]
warning: null character ignored [-Wnull-character]
warning: null character ignored [-Wnull-character]
warning: null character ignored [-Wnull-character]
warning: null character ignored [-Wnull-character]
warning: null character ignored [-Wnull-character]
warning: null character ignored [-Wnull-character]
warning: null character ignored [-Wnull-character]
warning: null character ignored [-Wnull-character]
warning: null character ignored [-Wnull-character]
warning: null character ignored [-Wnull-character]
warning: null character ignored [-Wnull-character]
warning: null character ignored [-Wnull-character]
warning: null character ignored [-Wnull-character]
warning: null character ignored [-Wnull-character]
warning: null character ignored [-Wnull-character]
warning: null character ignored [-Wnull-character]
warning: null character ignored [-Wnull-character]
warning: null character ignored [-Wnull-character]
warning: null character ignored [-Wnull-character]
warning: null character ignored [-Wnull-character]
warning: null character ignored [-Wnull-character]
warning: null character ignored [-Wnull-character]
warning: null character ignored [-Wnull-character]
warning: null character ignored [-Wnull-character]
warning: null character ignored [-Wnull-character]
warning: null character ignored [-Wnull-character]
warning: null character ignored [-Wnull-character]
warning: null character ignored [-Wnull-character]
warning: null character ignored [-Wnull-character]
warning: null character ignored [-Wnull-character]
warning: null character ignored [-Wnull-character]
warning: null character ignored [-Wnull-character]
warning: null character ignored [-Wnull-character]
warning: null character ignored [-Wnull-character]
warning: null character ignored [-Wnull-character]
warning: null character ignored [-Wnull-character]
warning: null character ignored [-Wnull-character]
warning: null character ignored [-Wnull-character]
warning: null character ignored [-Wnull-character]
warning: null character ignored [-Wnull-character]
warning: null character ignored [-Wnull-character]
warning: null character ignored [-Wnull-character]
warning: null character ignored [-Wnull-character]
warning: null character ignored [-Wnull-character]
warning: null character ignored [-Wnull-character]
warning: null character ignored [-Wnull-character]
warning: null character ignored [-Wnull-character]
warning: null character ignored [-Wnull-character]
warning: null character ignored [-Wnull-character]
warning: null character ignored [-Wnull-character]
warning: null character ignored [-Wnull-character]
warning: null character ignored [-Wnull-character]
warning: null character ignored [-Wnull-character]
warning: null character ignored [-Wnull-character]
warning: null character ignored [-Wnull-character]
warning: null character ignored [-Wnull-character]
warning: null character ignored [-Wnull-character]
warning: null character ignored [-Wnull-character]
warning: null character ignored [-Wnull-character]
warning: null character ignored [-Wnull-character]
warning: null character ignored [-Wnull-character]
warning: null character ignored [-Wnull-character]
warning: null character ignored [-Wnull-character]
warning: null character ignored [-Wnull-character]
warning: null character ignored [-Wnull-character]
warning: null character ignored [-Wnull-character]
warning: null character ignored [-Wnull-character]
warning: null character ignored [-Wnull-character]
warning: null character ignored [-Wnull-character]
warning: null character ignored [-Wnull-character]
warning: null character ignored [-Wnull-character]
warning: null character ignored [-Wnull-character]
warning: null character ignored [-Wnull-character]
warning: null character ignored [-Wnull-character]
warning: null character ignored [-Wnull-character]
warning: null character ignored [-Wnull-character]
warning: null character ignored [-Wnull-character]
warning: null character ignored [-Wnull-character]
warning: null character ignored [-Wnull-character]
warning: null character ignored [-Wnull-character]
warning: null character ignored [-Wnull-character]
warning: null character ignored [-Wnull-character]
warning: null character ignored [-Wnull-character]
warning: null character ignored [-Wnull-character]
warning: null character ignored [-Wnull-character]
warning: null character ignored [-Wnull-character]
warning: null character ignored [-Wnull-character]
warning: null character ignored [-Wnull-character]
warning: null character ignored [-Wnull-character]
warning: null character ignored [-Wnull-character]
warning: null character ignored [-Wnull-character]
warning: null character ignored [-Wnull-character]
warning: null character ignored [-Wnull-character]
warning: null character ignored [-Wnull-character]
warning: null character ignored [-Wnull-character]
warning: null character ignored [-Wnull-character]
warning: null character ignored [-Wnull-character]
warning: null character ignored [-Wnull-character]
warning: null character ignored [-Wnull-character]
warning: null character ignored [-Wnull-character]
warning: null character ignored [-Wnull-character]
warning: null character ignored [-Wnull-character]
warning: null character ignored [-Wnull-character]
warning: null character ignored [-Wnull-character]
warning: null character ignored [-Wnull-character]
warning: null character ignored [-Wnull-character]
warning: null character ignored [-Wnull-character]
warning: null character ignored [-Wnull-character]
warning: null character ignored [-Wnull-character]
warning: null character ignored [-Wnull-character]
warning: null character ignored [-Wnull-character]
warning: null character ignored [-Wnull-character]
warning: null character ignored [-Wnull-character]
warning: null character ignored [-Wnull-character]
warning: null character ignored [-Wnull-character]
warning: null character ignored [-Wnull-character]
warning: null character ignored [-Wnull-character]
warning: null character ignored [-Wnull-character]
warning: null character ignored [-Wnull-character]
warning: null character ignored [-Wnull-character]
warning: null character ignored [-Wnull-character]
warning: null character ignored [-Wnull-character]
warning: null character ignored [-Wnull-character]
warning: null character ignored [-Wnull-character]
warning: null character ignored [-Wnull-character]
warning: null character ignored [-Wnull-character]
warning: null character ignored [-Wnull-character]
warning: null character ignored [-Wnull-character]
warning: null character ignored [-Wnull-character]
warning: null character ignored [-Wnull-character]
warning: null character ignored [-Wnull-character]
warning: null character ignored [-Wnull-character]
warning: null character ignored [-Wnull-character]
warning: null character ignored [-Wnull-character]
warning: null character ignored [-Wnull-character]
warning: null character ignored [-Wnull-character]
warning: null character ignored [-Wnull-character]
warning: null character ignored [-Wnull-character]
warning: null character ignored [-Wnull-character]
warning: null character ignored [-Wnull-character]
warning: null character ignored [-Wnull-character]
warning: null character ignored [-Wnull-character]
warning: null character ignored [-Wnull-character]
warning: null character ignored [-Wnull-character]
warning: null character ignored [-Wnull-character]
warning: null character ignored [-Wnull-character]
warning: null character ignored [-Wnull-character]
warning: null character ignored [-Wnull-character]
warning: null character ignored [-Wnull-character]
warning: null character ignored [-Wnull-character]
warning: null character ignored [-Wnull-character]
warning: null character ignored [-Wnull-character]
warning: null character ignored [-Wnull-character]
warning: null character ignored [-Wnull-character]
warning: null character ignored [-Wnull-character]
warning: null character ignored [-Wnull-character]
warning: null character ignored [-Wnull-character]
warning: null character ignored [-Wnull-character]
warning: null character ignored [-Wnull-character]
warning: null character ignored [-Wnull-character]
warning: null character ignored [-Wnull-character]
warning: null character ignored [-Wnull-character]
warning: null character ignored [-Wnull-character]
warning: null character ignored [-Wnull-character]
warning: null character ignored [-Wnull-character]
warning: null character ignored [-Wnull-character]
warning: null character ignored [-Wnull-character]
warning: null character ignored [-Wnull-character]
warning: null character ignored [-Wnull-character]
warning: null character ignored [-Wnull-character]
warning: null character ignored [-Wnull-character]
warning: null character ignored [-Wnull-character]
warning: null character ignored [-Wnull-character]
warning: null character ignored [-Wnull-character]
warning: null character ignored [-Wnull-character]
warning: null character ignored [-Wnull-character]
warning: null character ignored [-Wnull-character]
warning: null character ignored [-Wnull-character]
warning: null character ignored [-Wnull-character]
warning: null character ignored [-Wnull-character]
warning: null character ignored [-Wnull-character]
warning: null character ignored [-Wnull-character]
warning: null character ignored [-Wnull-character]
warning: null character ignored [-Wnull-character]
warning: null character ignored [-Wnull-character]
warning: null character ignored [-Wnull-character]
warning: null character ignored [-Wnull-character]
warning: null character ignored [-Wnull-character]
warning: null character ignored [-Wnull-character]
warning: null character ignored [-Wnull-character]
warning: null character ignored [-Wnull-character]
warning: null character ignored [-Wnull-character]
warning: null character ignored [-Wnull-character]
warning: null character ignored [-Wnull-character]
warning: null character ignored [-Wnull-character]
warning: null character ignored [-Wnull-character]
warning: null character ignored [-Wnull-character]
warning: null character ignored [-Wnull-character]
warning: null character ignored [-Wnull-character]
warning: null character ignored [-Wnull-character]
warning: null character ignored [-Wnull-character]
warning: null character ignored [-Wnull-character]
warning: null character ignored [-Wnull-character]
warning: null character ignored [-Wnull-character]
warning: null character ignored [-Wnull-character]
warning: null character ignored [-Wnull-character]
warning: null character ignored [-Wnull-character]
warning: null character ignored [-Wnull-character]
warning: null character ignored [-Wnull-character]
warning: null character ignored [-Wnull-character]
warning: null character ignored [-Wnull-character]
warning: null character ignored [-Wnull-character]
warning: null character ignored [-Wnull-character]
warning: null character ignored [-Wnull-character]
warning: null character ignored [-Wnull-character]
warning: null character ignored [-Wnull-character]
warning: null character ignored [-Wnull-character]
warning: null character ignored [-Wnull-character]
warning: null character ignored [-Wnull-character]
warning: null character ignored [-Wnull-character]
warning: null character ignored [-Wnull-character]
warning: null character ignored [-Wnull-character]
warning: null character ignored [-Wnull-character]
warning: null character ignored [-Wnull-character]
warning: null character ignored [-Wnull-character]
warning: null character ignored [-Wnull-character]
warning: null character ignored [-Wnull-character]
warning: null character ignored [-Wnull-character]
warning: null character ignored [-Wnull-character]
warning: null character ignored [-Wnull-character]
warning: null character ignored [-Wnull-character]
warning: null character ignored [-Wnull-character]
warning: null character ignored [-Wnull-character]
warning: null character ignored [-Wnull-character]
warning: null character ignored [-Wnull-character]
warning: null character ignored [-Wnull-character]
warning: null character ignored [-Wnull-character]
warning: null character ignored [-Wnull-character]
warning: null character ignored [-Wnull-character]
warning: null character ignored [-Wnull-character]
warning: null character ignored [-Wnull-character]
warning: null character ignored [-Wnull-character]
warning: null character ignored [-Wnull-character]
warning: null character ignored [-Wnull-character]
warning: null character ignored [-Wnull-character]
warning: null character ignored [-Wnull-character]
warning: null character ignored [-Wnull-character]
warning: null character ignored [-Wnull-character]
warning: null character ignored [-Wnull-character]
warning: null character ignored [-Wnull-character]
warning: null character ignored [-Wnull-character]
warning: null character ignored [-Wnull-character]
warning: null character ignored [-Wnull-character]
warning: null character ignored [-Wnull-character]
warning: null character ignored [-Wnull-character]
warning: null character ignored [-Wnull-character]
warning: null character ignored [-Wnull-character]
warning: null character ignored [-Wnull-character]
warning: null character ignored [-Wnull-character]
warning: null character ignored [-Wnull-character]
warning: null character ignored [-Wnull-character]
warning: null character ignored [-Wnull-character]
warning: null character ignored [-Wnull-character]
warning: null character ignored [-Wnull-character]
warning: null character ignored [-Wnull-character]
warning: null character ignored [-Wnull-character]
warning: null character ignored [-Wnull-character]
warning: null character ignored [-Wnull-character]
warning: null character ignored [-Wnull-character]
warning: null character ignored [-Wnull-character]
warning: null character ignored [-Wnull-character]
warning: null character ignored [-Wnull-character]
warning: null character ignored [-Wnull-character]
warning: null character ignored [-Wnull-character]
warning: null character ignored [-Wnull-character]
warning: null character ignored [-Wnull-character]
warning: null character ignored [-Wnull-character]
warning: null character ignored [-Wnull-character]
warning: null character ignored [-Wnull-character]
warning: null character ignored [-Wnull-character]
warning: null character ignored [-Wnull-character]
warning: null character ignored [-Wnull-character]
warning: null character ignored [-Wnull-character]
warning: null character ignored [-Wnull-character]
warning: null character ignored [-Wnull-character]
warning: null character ignored [-Wnull-character]
warning: null character ignored [-Wnull-character]
warning: null character ignored [-Wnull-character]
warning: null character ignored [-Wnull-character]
warning: null character ignored [-Wnull-character]
warning: null character ignored [-Wnull-character]
warning: null character ignored [-Wnull-character]
warning: null character ignored [-Wnull-character]
warning: null character ignored [-Wnull-character]
warning: null character ignored [-Wnull-character]
warning: null character ignored [-Wnull-character]
warning: null character ignored [-Wnull-character]
warning: null character ignored [-Wnull-character]
warning: null character ignored [-Wnull-character]
warning: null character ignored [-Wnull-character]
warning: null character ignored [-Wnull-character]
warning: null character ignored [-Wnull-character]
warning: null character ignored [-Wnull-character]
warning: null character ignored [-Wnull-character]
warning: null character ignored [-Wnull-character]
warning: null character ignored [-Wnull-character]
warning: null character ignored [-Wnull-character]
warning: null character ignored [-Wnull-character]
warning: null character ignored [-Wnull-character]
warning: null character ignored [-Wnull-character]
warning: null character ignored [-Wnull-character]
warning: null character ignored [-Wnull-character]
warning: null character ignored [-Wnull-character]
warning: null character ignored [-Wnull-character]
warning: null character ignored [-Wnull-character]
warning: null character ignored [-Wnull-character]
warning: null character ignored [-Wnull-character]
warning: null character ignored [-Wnull-character]
warning: null character ignored [-Wnull-character]
warning: null character ignored [-Wnull-character]
warning: null character ignored [-Wnull-character]
warning: null character ignored [-Wnull-character]
warning: null character ignored [-Wnull-character]
warning: null character ignored [-Wnull-character]
warning: null character ignored [-Wnull-character]
warning: null character ignored [-Wnull-character]
warning: null character ignored [-Wnull-character]
warning: null character ignored [-Wnull-character]
warning: null character ignored [-Wnull-character]
warning: null character ignored [-Wnull-character]
warning: null character ignored [-Wnull-character]
warning: null character ignored [-Wnull-character]
warning: null character ignored [-Wnull-character]
warning: null character ignored [-Wnull-character]
warning: null character ignored [-Wnull-character]
warning: null character ignored [-Wnull-character]
warning: null character ignored [-Wnull-character]
warning: null character ignored [-Wnull-character]
warning: null character ignored [-Wnull-character]
warning: null character ignored [-Wnull-character]
warning: null character ignored [-Wnull-character]
warning: null character ignored [-Wnull-character]
warning: null character ignored [-Wnull-character]
warning: null character ignored [-Wnull-character]
warning: null character ignored [-Wnull-character]
warning: null character ignored [-Wnull-character]
warning: null character ignored [-Wnull-character]
warning: null character ignored [-Wnull-character]
warning: null character ignored [-Wnull-character]
warning: null character ignored [-Wnull-character]
warning: null character ignored [-Wnull-character]
warning: null character ignored [-Wnull-character]
warning: null character ignored [-Wnull-character]
warning: null character ignored [-Wnull-character]
warning: null character ignored [-Wnull-character]
warning: null character ignored [-Wnull-character]
warning: null character ignored [-Wnull-character]
warning: null character ignored [-Wnull-character]
warning: null character ignored [-Wnull-character]
warning: null character ignored [-Wnull-character]
warning: null character ignored [-Wnull-character]
warning: null character ignored [-Wnull-character]
warning: null character ignored [-Wnull-character]
warning: null character ignored [-Wnull-character]
warning: null character ignored [-Wnull-character]
warning: null character ignored [-Wnull-character]
warning: null character ignored [-Wnull-character]
warning: null character ignored [-Wnull-character]
warning: null character ignored [-Wnull-character]
warning: null character ignored [-Wnull-character]
warning: null character ignored [-Wnull-character]
warning: null character ignored [-Wnull-character]
warning: null character ignored [-Wnull-character]
warning: null character ignored [-Wnull-character]
warning: null character ignored [-Wnull-character]
warning: null character ignored [-Wnull-character]
warning: null character ignored [-Wnull-character]
warning: null character ignored [-Wnull-character]
warning: null character ignored [-Wnull-character]
warning: null character ignored [-Wnull-character]
warning: null character ignored [-Wnull-character]
warning: null character ignored [-Wnull-character]
warning: null character ignored [-Wnull-character]
warning: null character ignored [-Wnull-character]
warning: null character ignored [-Wnull-character]
warning: null character ignored [-Wnull-character]
warning: null character ignored [-Wnull-character]
warning: null character ignored [-Wnull-character]
warning: null character ignored [-Wnull-character]
warning: null character ignored [-Wnull-character]
warning: null character ignored [-Wnull-character]
warning: null character ignored [-Wnull-character]
warning: null character ignored [-Wnull-character]
warning: null character ignored [-Wnull-character]
warning: null character ignored [-Wnull-character]
warning: null character ignored [-Wnull-character]
warning: null character ignored [-Wnull-character]
warning: null character ignored [-Wnull-character]
warning: null character ignored [-Wnull-character]
warning: null character ignored [-Wnull-character]
warning: null character ignored [-Wnull-character]
warning: null character ignored [-Wnull-character]
warning: null character ignored [-Wnull-character]
warning: null character ignored [-Wnull-character]
warning: null character ignored [-Wnull-character]
warning: null character ignored [-Wnull-character]
warning: null character ignored [-Wnull-character]
warning: null character ignored [-Wnull-character]
warning: null character ignored [-Wnull-character]
warning: null character ignored [-Wnull-character]
warning: null character ignored [-Wnull-character]
warning: null character ignored [-Wnull-character]
warning: null character ignored [-Wnull-character]
warning: null character ignored [-Wnull-character]
warning: null character ignored [-Wnull-character]
warning: null character ignored [-Wnull-character]
warning: null character ignored [-Wnull-character]
warning: null character ignored [-Wnull-character]
warning: null character ignored [-Wnull-character]
warning: null character ignored [-Wnull-character]
warning: null character ignored [-Wnull-character]
warning: null character ignored [-Wnull-character]
warning: null character ignored [-Wnull-character]
warning: null character ignored [-Wnull-character]
warning: null character ignored [-Wnull-character]
warning: null character ignored [-Wnull-character]
warning: null character ignored [-Wnull-character]
warning: null character ignored [-Wnull-character]
warning: null character ignored [-Wnull-character]
warning: null character ignored [-Wnull-character]
warning: null character ignored [-Wnull-character]
warning: null character ignored [-Wnull-character]
warning: null character ignored [-Wnull-character]
warning: null character ignored [-Wnull-character]
warning: null character ignored [-Wnull-character]
warning: null character ignored [-Wnull-character]
warning: null character ignored [-Wnull-character]
warning: null character ignored [-Wnull-character]
warning: null character ignored [-Wnull-character]
warning: null character ignored [-Wnull-character]
warning: null character ignored [-Wnull-character]
warning: null character ignored [-Wnull-character]
warning: null character ignored [-Wnull-character]
warning: null character ignored [-Wnull-character]
warning: null character ignored [-Wnull-character]
warning: null character ignored [-Wnull-character]
warning: null character ignored [-Wnull-character]
warning: null character ignored [-Wnull-character]
warning: null character ignored [-Wnull-character]
warning: null character ignored [-Wnull-character]
warning: null character ignored [-Wnull-character]
warning: null character ignored [-Wnull-character]
warning: null character ignored [-Wnull-character]
warning: null character ignored [-Wnull-character]
warning: null character ignored [-Wnull-character]
warning: null character ignored [-Wnull-character]
warning: null character ignored [-Wnull-character]
warning: null character ignored [-Wnull-character]
warning: null character ignored [-Wnull-character]
warning: null character ignored [-Wnull-character]
warning: null character ignored [-Wnull-character]
warning: null character ignored [-Wnull-character]
warning: null character ignored [-Wnull-character]
warning: null character ignored [-Wnull-character]
warning: null character ignored [-Wnull-character]
warning: null character ignored [-Wnull-character]
warning: null character ignored [-Wnull-character]
warning: null character ignored [-Wnull-character]
warning: null character ignored [-Wnull-character]
warning: null character ignored [-Wnull-character]
warning: null character ignored [-Wnull-character]
warning: null character ignored [-Wnull-character]
warning: null character ignored [-Wnull-character]
warning: null character ignored [-Wnull-character]
warning: null character ignored [-Wnull-character]
warning: null character ignored [-Wnull-character]
warning: null character ignored [-Wnull-character]
warning: null character ignored [-Wnull-character]
warning: null character ignored [-Wnull-character]
warning: null character ignored [-Wnull-character]
warning: null character ignored [-Wnull-character]
warning: null character ignored [-Wnull-character]
warning: null character ignored [-Wnull-character]
warning: null character ignored [-Wnull-character]
warning: null character ignored [-Wnull-character]
warning: null character ignored [-Wnull-character]
warning: null character ignored [-Wnull-character]
warning: null character ignored [-Wnull-character]
warning: null character ignored [-Wnull-character]
warning: null character ignored [-Wnull-character]
warning: null character ignored [-Wnull-character]
warning: null character ignored [-Wnull-character]
warning: null character ignored [-Wnull-character]
warning: null character ignored [-Wnull-character]
warning: null character ignored [-Wnull-character]
warning: null character ignored [-Wnull-character]
warning: null character ignored [-Wnull-character]
warning: null character ignored [-Wnull-character]
warning: null character ignored [-Wnull-character]
warning: null character ignored [-Wnull-character]
warning: null character ignored [-Wnull-character]
warning: null character ignored [-Wnull-character]
warning: null character ignored [-Wnull-character]
warning: null character ignored [-Wnull-character]
warning: null character ignored [-Wnull-character]
warning: null character ignored [-Wnull-character]
warning: null character ignored [-Wnull-character]
warning: null character ignored [-Wnull-character]
warning: null character ignored [-Wnull-character]
warning: null character ignored [-Wnull-character]
warning: null character ignored [-Wnull-character]
warning: null character ignored [-Wnull-character]
warning: null character ignored [-Wnull-character]
warning: null character ignored [-Wnull-character]
warning: null character ignored [-Wnull-character]
warning: null character ignored [-Wnull-character]
warning: null character ignored [-Wnull-character]
warning: null character ignored [-Wnull-character]
warning: null character ignored [-Wnull-character]
warning: null character ignored [-Wnull-character]
In file included from src/bootstrap/main_compiler.cgen.c:17:
In file included from /Library/Developer/CommandLineTools/SDKs/MacOSX.sdk/usr/include/stdlib.h:58:
In file included from /Library/Developer/CommandLineTools/SDKs/MacOSX.sdk/usr/include/_stdlib.h:70:
In file included from /Library/Developer/CommandLineTools/SDKs/MacOSX.sdk/usr/include/sys/wait.h:110:
/Library/Developer/CommandLineTools/SDKs/MacOSX.sdk/usr/include/sys/resource.h:384:10: error: "do not include netinet6/in6.h directly, include netinet/in.h. "         " see RFC2553"
  384 |         uint64_t ri_child_pageins;
      |                 ^
warning: null character ignored [-Wnull-character]
warning: null character ignored [-Wnull-character]
warning: null character ignored [-Wnull-character]
warning: null character ignored [-Wnull-character]
warning: null character ignored [-Wnull-character]
warning: null character ignored [-Wnull-character]
warning: null character ignored [-Wnull-character]
warning: null character ignored [-Wnull-character]
warning: null character ignored [-Wnull-character]
warning: null character ignored [-Wnull-character]
warning: null character ignored [-Wnull-character]
warning: null character ignored [-Wnull-character]
warning: null character ignored [-Wnull-character]
warning: null character ignored [-Wnull-character]
warning: null character ignored [-Wnull-character]
warning: null character ignored [-Wnull-character]
warning: null character ignored [-Wnull-character]
warning: null character ignored [-Wnull-character]
warning: null character ignored [-Wnull-character]
warning: null character ignored [-Wnull-character]
warning: null character ignored [-Wnull-character]
warning: null character ignored [-Wnull-character]
warning: null character ignored [-Wnull-character]
warning: null character ignored [-Wnull-character]
warning: null character ignored [-Wnull-character]
warning: null character ignored [-Wnull-character]
warning: null character ignored [-Wnull-character]
warning: null character ignored [-Wnull-character]
warning: null character ignored [-Wnull-character]
warning: null character ignored [-Wnull-character]
warning: null character ignored [-Wnull-character]
warning: null character ignored [-Wnull-character]
warning: null character ignored [-Wnull-character]
warning: null character ignored [-Wnull-character]
warning: null character ignored [-Wnull-character]
warning: null character ignored [-Wnull-character]
warning: null character ignored [-Wnull-character]
warning: null character ignored [-Wnull-character]
warning: null character ignored [-Wnull-character]
warning: null character ignored [-Wnull-character]
warning: null character ignored [-Wnull-character]
warning: null character ignored [-Wnull-character]
warning: null character ignored [-Wnull-character]
warning: null character ignored [-Wnull-character]
warning: null character ignored [-Wnull-character]
warning: null character ignored [-Wnull-character]
warning: null character ignored [-Wnull-character]
warning: null character ignored [-Wnull-character]
warning: null character ignored [-Wnull-character]
warning: null character ignored [-Wnull-character]
warning: null character ignored [-Wnull-character]
warning: null character ignored [-Wnull-character]
warning: null character ignored [-Wnull-character]
warning: null character ignored [-Wnull-character]
warning: null character ignored [-Wnull-character]
warning: null character ignored [-Wnull-character]
warning: null character ignored [-Wnull-character]
warning: null character ignored [-Wnull-character]
warning: null character ignored [-Wnull-character]
warning: null character ignored [-Wnull-character]
warning: null character ignored [-Wnull-character]
clang: error: unable to execute command: Segmentation fault: 11
clang: error: clang frontend command failed due to signal (use -v to see invocation)
Apple clang version 17.0.0 (clang-1700.6.4.2)
Target: arm64-apple-darwin25.3.0
Thread model: posix
InstalledDir: /Library/Developer/CommandLineTools/usr/bin
clang: note: diagnostic msg: 
********************

PLEASE ATTACH THE FOLLOWING FILES TO THE BUG REPORT:
Preprocessed source(s) and associated run script(s) are located at:
clang: note: diagnostic msg: /var/folders/mq/rqvj7km942nfm4_plkf8kz7w0000gn/T/main_compiler-3de7d8.c
clang: note: diagnostic msg: /var/folders/mq/rqvj7km942nfm4_plkf8kz7w0000gn/T/main_compiler-3de7d8.sh
clang: note: diagnostic msg: Crash backtrace is located in
clang: note: diagnostic msg: /Users/eabusato/Library/Logs/DiagnosticReports/clang_<YYYY-MM-DD-HHMMSS>_<hostname>.crash
clang: note: diagnostic msg: (choose the .crash file that corresponds to your crash)
clang: note: diagnostic msg: 

********************
cct: error: host compiler failed while building executable (command: cc -std=c11 -O2 -fwrapv -o "src/bootstrap/main_compiler" "src/bootstrap/main_compiler.cgen.c" -lm) [Code generation error]
